# JRE version: Java(TM) SE Runtime Environment (8.0_91-b14) (build 1.8.0_91-b14)
# Java VM: Java HotSpot(TM) 64-Bit Server VM (25.91-b14 mixed mode linux-amd64 compressed oops)
Heap:
 PSYoungGen      total 255488K, used 32K [0x00000000d6f00000, 0x00000000e6a00000, 0x0000000100000000)
  eden space 253952K, 0% used [0x00000000d6f00000,0x00000000d6f00000,0x00000000e6700000)
  from space 1536K, 2% used [0x00000000e6700000,0x00000000e6708000,0x00000000e6880000)
  to   space 1536K, 0% used [0x00000000e6880000,0x00000000e6880000,0x00000000e6a00000)
 ParOldGen       total 84992K, used 936K [0x0000000084c00000, 0x0000000089f00000, 0x00000000d6f00000)
  object space 84992K, 1% used [0x0000000084c00000,0x0000000084cea090,0x0000000089f00000)
 Metaspace       used 6183K, capacity 6412K, committed 6528K, reserved 1056768K
  class space    used 707K, capacity 792K, committed 896K, reserved 1048576K
GC Heap History (10 events):
Event: 0.413 GC heap after
Heap after GC invocations=2 (full 0):
 PSYoungGen      total 68608K, used 992K [0x00000000d6f00000, 0x00000000db700000, 0x0000000100000000)
  eden space 63488K, 0% used [0x00000000d6f00000,0x00000000d6f00000,0x00000000dad00000)
  from space 5120K, 19% used [0x00000000db200000,0x00000000db2f8020,0x00000000db700000)
  to   space 5120K, 0% used [0x00000000dad00000,0x00000000dad00000,0x00000000db200000)
 ParOldGen       total 84992K, used 16K [0x0000000084c00000, 0x0000000089f00000, 0x00000000d6f00000)
  object space 84992K, 0% used [0x0000000084c00000,0x0000000084c04000,0x0000000089f00000)
 Metaspace       used 6183K, capacity 6412K, committed 6528K, reserved 1056768K
  class space    used 707K, capacity 792K, committed 896K, reserved 1048576K
}
Event: 0.526 GC heap before
{Heap before GC invocations=3 (full 0):
 PSYoungGen      total 68608K, used 64480K [0x00000000d6f00000, 0x00000000db700000, 0x0000000100000000)
  eden space 63488K, 100% used [0x00000000d6f00000,0x00000000dad00000,0x00000000dad00000)
  from space 5120K, 19% used [0x00000000db200000,0x00000000db2f8020,0x00000000db700000)
  to   space 5120K, 0% used [0x00000000dad00000,0x00000000dad00000,0x00000000db200000)
 ParOldGen       total 84992K, used 16K [0x0000000084c00000, 0x0000000089f00000, 0x00000000d6f00000)
  object space 84992K, 0% used [0x0000000084c00000,0x0000000084c04000,0x0000000089f00000)
 Metaspace       used 6183K, capacity 6412K, committed 6528K, reserved 1056768K
  class space    used 707K, capacity 792K, committed 896K, reserved 1048576K
Event: 0.528 GC heap after
Heap after GC invocations=3 (full 0):
 PSYoungGen      total 68608K, used 960K [0x00000000d6f00000, 0x00000000df500000, 0x0000000100000000)
  eden space 63488K, 0% used [0x00000000d6f00000,0x00000000d6f00000,0x00000000dad00000)
  from space 5120K, 18% used [0x00000000dad00000,0x00000000dadf0000,0x00000000db200000)
  to   space 5120K, 0% used [0x00000000df000000,0x00000000df000000,0x00000000df500000)
 ParOldGen       total 84992K, used 24K [0x0000000084c00000, 0x0000000089f00000, 0x00000000d6f00000)
  object space 84992K, 0% used [0x0000000084c00000,0x0000000084c06000,0x0000000089f00000)
 Metaspace       used 6183K, capacity 6412K, committed 6528K, reserved 1056768K
  class space    used 707K, capacity 792K, committed 896K, reserved 1048576K
}
Event: 0.595 GC heap before
{Heap before GC invocations=4 (full 0):
 PSYoungGen      total 68608K, used 64448K [0x00000000d6f00000, 0x00000000df500000, 0x0000000100000000)
  eden space 63488K, 100% used [0x00000000d6f00000,0x00000000dad00000,0x00000000dad00000)
  from space 5120K, 18% used [0x00000000dad00000,0x00000000dadf0000,0x00000000db200000)
  to   space 5120K, 0% used [0x00000000df000000,0x00000000df000000,0x00000000df500000)
 ParOldGen       total 84992K, used 24K [0x0000000084c00000, 0x0000000089f00000, 0x00000000d6f00000)
  object space 84992K, 0% used [0x0000000084c00000,0x0000000084c06000,0x0000000089f00000)
 Metaspace       used 6183K, capacity 6412K, committed 6528K, reserved 1056768K
  class space    used 707K, capacity 792K, committed 896K, reserved 1048576K
Event: 0.600 GC heap after
Heap after GC invocations=4 (full 0):
 PSYoungGen      total 132096K, used 1008K [0x00000000d6f00000, 0x00000000df500000, 0x0000000100000000)
  eden space 126976K, 0% used [0x00000000d6f00000,0x00000000d6f00000,0x00000000deb00000)
  from space 5120K, 19% used [0x00000000df000000,0x00000000df0fc030,0x00000000df500000)
  to   space 5120K, 0% used [0x00000000deb00000,0x00000000deb00000,0x00000000df000000)
 ParOldGen       total 84992K, used 24K [0x0000000084c00000, 0x0000000089f00000, 0x00000000d6f00000)
  object space 84992K, 0% used [0x0000000084c00000,0x0000000084c06000,0x0000000089f00000)
 Metaspace       used 6183K, capacity 6412K, committed 6528K, reserved 1056768K
  class space    used 707K, capacity 792K, committed 896K, reserved 1048576K
}
Event: 0.778 GC heap before
{Heap before GC invocations=5 (full 0):
 PSYoungGen      total 132096K, used 127984K [0x00000000d6f00000, 0x00000000df500000, 0x0000000100000000)
  eden space 126976K, 100% used [0x00000000d6f00000,0x00000000deb00000,0x00000000deb00000)
  from space 5120K, 19% used [0x00000000df000000,0x00000000df0fc030,0x00000000df500000)
  to   space 5120K, 0% used [0x00000000deb00000,0x00000000deb00000,0x00000000df000000)
 ParOldGen       total 84992K, used 24K [0x0000000084c00000, 0x0000000089f00000, 0x00000000d6f00000)
  object space 84992K, 0% used [0x0000000084c00000,0x0000000084c06000,0x0000000089f00000)
 Metaspace       used 6183K, capacity 6412K, committed 6528K, reserved 1056768K
  class space    used 707K, capacity 792K, committed 896K, reserved 1048576K
Event: 0.779 GC heap after
Heap after GC invocations=5 (full 0):
 PSYoungGen      total 132096K, used 928K [0x00000000d6f00000, 0x00000000e6a00000, 0x0000000100000000)
  eden space 126976K, 0% used [0x00000000d6f00000,0x00000000d6f00000,0x00000000deb00000)
  from space 5120K, 18% used [0x00000000deb00000,0x00000000debe8020,0x00000000df000000)
  to   space 1536K, 0% used [0x00000000e6880000,0x00000000e6880000,0x00000000e6a00000)
 ParOldGen       total 84992K, used 32K [0x0000000084c00000, 0x0000000089f00000, 0x00000000d6f00000)
  object space 84992K, 0% used [0x0000000084c00000,0x0000000084c08000,0x0000000089f00000)
 Metaspace       used 6183K, capacity 6412K, committed 6528K, reserved 1056768K
  class space    used 707K, capacity 792K, committed 896K, reserved 1048576K
}
Event: 0.919 GC heap before
{Heap before GC invocations=6 (full 0):
 PSYoungGen      total 132096K, used 127904K [0x00000000d6f00000, 0x00000000e6a00000, 0x0000000100000000)
  eden space 126976K, 100% used [0x00000000d6f00000,0x00000000deb00000,0x00000000deb00000)
  from space 5120K, 18% used [0x00000000deb00000,0x00000000debe8020,0x00000000df000000)
  to   space 1536K, 0% used [0x00000000e6880000,0x00000000e6880000,0x00000000e6a00000)
 ParOldGen       total 84992K, used 32K [0x0000000084c00000, 0x0000000089f00000, 0x00000000d6f00000)
  object space 84992K, 0% used [0x0000000084c00000,0x0000000084c08000,0x0000000089f00000)
 Metaspace       used 6183K, capacity 6412K, committed 6528K, reserved 1056768K
  class space    used 707K, capacity 792K, committed 896K, reserved 1048576K
Event: 0.921 GC heap after
Heap after GC invocations=6 (full 0):
 PSYoungGen      total 255488K, used 944K [0x00000000d6f00000, 0x00000000e6a00000, 0x0000000100000000)
  eden space 253952K, 0% used [0x00000000d6f00000,0x00000000d6f00000,0x00000000e6700000)
  from space 1536K, 61% used [0x00000000e6880000,0x00000000e696c030,0x00000000e6a00000)
  to   space 1536K, 0% used [0x00000000e6700000,0x00000000e6700000,0x00000000e6880000)
 ParOldGen       total 84992K, used 32K [0x0000000084c00000, 0x0000000089f00000, 0x00000000d6f00000)
  object space 84992K, 0% used [0x0000000084c00000,0x0000000084c08000,0x0000000089f00000)
 Metaspace       used 6183K, capacity 6412K, committed 6528K, reserved 1056768K
  class space    used 707K, capacity 792K, committed 896K, reserved 1048576K
}
Event: 1.276 GC heap before
{Heap before GC invocations=7 (full 0):
 PSYoungGen      total 255488K, used 254896K [0x00000000d6f00000, 0x00000000e6a00000, 0x0000000100000000)
  eden space 253952K, 100% used [0x00000000d6f00000,0x00000000e6700000,0x00000000e6700000)
  from space 1536K, 61% used [0x00000000e6880000,0x00000000e696c030,0x00000000e6a00000)
  to   space 1536K, 0% used [0x00000000e6700000,0x00000000e6700000,0x00000000e6880000)
 ParOldGen       total 84992K, used 32K [0x0000000084c00000, 0x0000000089f00000, 0x00000000d6f00000)
  object space 84992K, 0% used [0x0000000084c00000,0x0000000084c08000,0x0000000089f00000)
 Metaspace       used 6183K, capacity 6412K, committed 6528K, reserved 1056768K
  class space    used 707K, capacity 792K, committed 896K, reserved 1048576K

